<?xml version="1.0" encoding="UTF-8"?>
<!-- Generated by org.testng.reporters.JUnitXMLReporter -->
<testsuite ignored="1" hostname="Samsung-Galaxy" failures="0" tests="2" name="Test" time="4.15" errors="0" timestamp="2026-08-11T19:50:23 IST">
  <testcase classname="testCases.TC_002_LoginTest" name="verifyLogin" time="2.789"/>
  <testcase classname="testCases.TC_004_SearchPageTest" name="verifySearchProduct" time="0.96"/>
  <testcase classname="TestBase.BaseClass" name="@BeforeSuite setup" time="0.0">
    <ignored/>
  </testcase> <!-- @BeforeSuite setup -->
</testsuite> <!-- Test -->
