<?xml version="1.0" encoding="UTF-8"?>
<testsuite xmlns:xsi="http://www.w3.org/2001/XMLSchema-instance" xsi:noNamespaceSchemaLocation="https://maven.apache.org/surefire/maven-surefire-plugin/xsd/surefire-test-report.xsd" version="3.0.2" name="TestSuite" time="16.553" tests="2" errors="0" skipped="0" failures="0">
  <properties>
[...]
</properties>
  <testcase name="verify_account_registration" classname="testCases.TC_001_AccountRegistrationTest" time="2.937">
    <system-out><![CDATA[19:08:13.221 [main] DEBUG org.testng.TestNG - suiteXmlPath: "C:\Users\Rashmi\eclipse-workspace\AutomationProject\OpenCart\master.xml"
19:08:17.844 [main] INFO  testCases.TC_001_AccountRegistrationTest - ***** Staring TC_001_AccountRegistrationTest *****
19:08:17.983 [main] INFO  testCases.TC_001_AccountRegistrationTest - ****** clicked on my account link ****
19:08:18.670 [main] INFO  testCases.TC_001_AccountRegistrationTest - clicked on register link
19:08:18.672 [main] INFO  testCases.TC_001_AccountRegistrationTest - Providing cx details
19:08:20.684 [main] INFO  testCases.TC_001_AccountRegistrationTest - Validating expected message
19:08:20.740 [main] INFO  testCases.TC_001_AccountRegistrationTest - ***** Finished TC_001_AccountRegistrationTest ****
]]></system-out>
    <system-err><![CDATA[2026-07-17T13:38:13.151515300Z main INFO Starting configuration XmlConfiguration[location=C:\Users\Rashmi\eclipse-workspace\AutomationProject\OpenCart\target\test-classes\log4j2.xml, lastModified=2026-07-15T14:26:57.703Z]...
2026-07-17T13:38:13.153565200Z main INFO Configuration XmlConfiguration[location=C:\Users\Rashmi\eclipse-workspace\AutomationProject\OpenCart\target\test-classes\log4j2.xml, lastModified=2026-07-15T14:26:57.703Z] started.
2026-07-17T13:38:13.155567Z main INFO Stopping configuration org.apache.logging.log4j.core.config.DefaultConfiguration@5c30a9b0...
2026-07-17T13:38:13.155567Z main INFO Configuration org.apache.logging.log4j.core.config.DefaultConfiguration@5c30a9b0 stopped.
Jul 17, 2026 7:08:15 PM org.openqa.selenium.devtools.CdpVersionFinder findNearestMatch
WARNING: Unable to find an exact match for CDP version 150, returning the closest version; found: 149; Please update to a Selenium version that supports CDP version 150
]]></system-err>
  </testcase>
  <testcase name="verifyLogin" classname="testCases.TC_002_LoginTest" time="1.775">
    <system-out><![CDATA[19:08:26.532 [main] INFO  testCases.TC_002_LoginTest - ***** Starting TC_002_LoginTest *****
19:08:28.304 [main] INFO  testCases.TC_002_LoginTest - ****** Finished C_002_LoginTest *******
]]></system-out>
    <system-err><![CDATA[Jul 17, 2026 7:08:22 PM org.openqa.selenium.devtools.CdpVersionFinder findNearestMatch
WARNING: Unable to find an exact match for CDP version 150, returning the closest version; found: 149; Please update to a Selenium version that supports CDP version 150
]]></system-err>
  </testcase>
</testsuite>