<?xml version="1.0" encoding="UTF-8"?>
<testng-results ignored="0" total="1" passed="1" failed="0" skipped="0">
  <reporter-output>
  </reporter-output>
  <suite started-at="2026-08-12T19:14:41 IST" name="Suite" finished-at="2026-08-12T19:14:43 IST" duration-ms="2295">
    <groups>
      <group name="Master">
        <method signature="TC_005_AddToCartTest.verifyAddHPProductToCart()[pri:0, instance:testCases.TC_005_AddToCartTest@3a0baae5]" name="verifyAddHPProductToCart" class="testCases.TC_005_AddToCartTest"/>
      </group> <!-- Master -->
      <group name="Sanity">
        <method signature="TC_005_AddToCartTest.verifyAddHPProductToCart()[pri:0, instance:testCases.TC_005_AddToCartTest@3a0baae5]" name="verifyAddHPProductToCart" class="testCases.TC_005_AddToCartTest"/>
      </group> <!-- Sanity -->
      <group name="Regression">
        <method signature="TC_005_AddToCartTest.verifyAddHPProductToCart()[pri:0, instance:testCases.TC_005_AddToCartTest@3a0baae5]" name="verifyAddHPProductToCart" class="testCases.TC_005_AddToCartTest"/>
      </group> <!-- Regression -->
    </groups>
    <test started-at="2026-08-12T19:14:41 IST" name="Test" finished-at="2026-08-12T19:14:43 IST" duration-ms="2295">
      <class name="testCases.TC_005_AddToCartTest">
        <test-method is-config="true" signature="setup(java.lang.String,java.lang.String)[pri:0, instance:testCases.TC_005_AddToCartTest@3a0baae5]" started-at="2026-08-12T19:14:36 IST" name="setup" finished-at="2026-08-12T19:14:41 IST" duration-ms="4077" status="PASS">
          <params>
            <param index="0">
              <value>
                <![CDATA[Windows]]>
              </value>
            </param>
            <param index="1">
              <value>
                <![CDATA[chrome]]>
              </value>
            </param>
          </params>
          <reporter-output>
          </reporter-output>
        </test-method> <!-- setup -->
        <test-method signature="verifyAddHPProductToCart()[pri:0, instance:testCases.TC_005_AddToCartTest@3a0baae5]" started-at="2026-08-12T19:14:41 IST" name="verifyAddHPProductToCart" finished-at="2026-08-12T19:14:43 IST" duration-ms="1978" status="PASS">
          <reporter-output>
          </reporter-output>
        </test-method> <!-- verifyAddHPProductToCart -->
      </class> <!-- testCases.TC_005_AddToCartTest -->
    </test> <!-- Test -->
  </suite> <!-- Suite -->
</testng-results>
