<?xml version="1.0" encoding="UTF-8"?>
<testng-results ignored="0" total="2" passed="2" failed="0" skipped="0">
  <reporter-output>
  </reporter-output>
  <suite started-at="2026-08-11T19:50:18 IST" name="Suite" finished-at="2026-08-11T19:50:22 IST" duration-ms="4150">
    <groups>
      <group name="Master">
        <method signature="TC_002_LoginTest.verifyLogin()[pri:0, instance:testCases.TC_002_LoginTest@289710d9]" name="verifyLogin" class="testCases.TC_002_LoginTest"/>
        <method signature="TC_004_SearchPageTest.verifySearchProduct()[pri:0, instance:testCases.TC_004_SearchPageTest@6995bf68]" name="verifySearchProduct" class="testCases.TC_004_SearchPageTest"/>
      </group> <!-- Master -->
      <group name="Sanity">
        <method signature="TC_002_LoginTest.verifyLogin()[pri:0, instance:testCases.TC_002_LoginTest@289710d9]" name="verifyLogin" class="testCases.TC_002_LoginTest"/>
        <method signature="TC_004_SearchPageTest.verifySearchProduct()[pri:0, instance:testCases.TC_004_SearchPageTest@6995bf68]" name="verifySearchProduct" class="testCases.TC_004_SearchPageTest"/>
      </group> <!-- Sanity -->
      <group name="Regression">
        <method signature="TC_004_SearchPageTest.verifySearchProduct()[pri:0, instance:testCases.TC_004_SearchPageTest@6995bf68]" name="verifySearchProduct" class="testCases.TC_004_SearchPageTest"/>
      </group> <!-- Regression -->
    </groups>
    <test started-at="2026-08-11T19:50:18 IST" name="Test" finished-at="2026-08-11T19:50:22 IST" duration-ms="4150">
      <class name="testCases.TC_004_SearchPageTest">
        <test-method signature="verifySearchProduct()[pri:0, instance:testCases.TC_004_SearchPageTest@6995bf68]" started-at="2026-08-11T19:50:21 IST" name="verifySearchProduct" finished-at="2026-08-11T19:50:22 IST" duration-ms="960" status="PASS">
          <reporter-output>
          </reporter-output>
        </test-method> <!-- verifySearchProduct -->
      </class> <!-- testCases.TC_004_SearchPageTest -->
      <class name="testCases.TC_002_LoginTest">
        <test-method is-config="true" signature="setup(java.lang.String,java.lang.String)[pri:0, instance:testCases.TC_002_LoginTest@289710d9]" started-at="2026-08-11T19:50:08 IST" name="setup" finished-at="2026-08-11T19:50:18 IST" duration-ms="9607" status="PASS">
          <params>
            <param index="0">
              <value>
                <![CDATA[Windows]]>
              </value>
            </param>
            <param index="1">
              <value>
                <![CDATA[chrome]]>
              </value>
            </param>
          </params>
          <reporter-output>
          </reporter-output>
        </test-method> <!-- setup -->
        <test-method signature="verifyLogin()[pri:0, instance:testCases.TC_002_LoginTest@289710d9]" started-at="2026-08-11T19:50:18 IST" name="verifyLogin" finished-at="2026-08-11T19:50:21 IST" duration-ms="2789" status="PASS">
          <reporter-output>
          </reporter-output>
        </test-method> <!-- verifyLogin -->
      </class> <!-- testCases.TC_002_LoginTest -->
    </test> <!-- Test -->
  </suite> <!-- Suite -->
</testng-results>
